<?xml version="1.0" encoding="UTF-8"?>
<testsuite xmlns:xsi="http://www.w3.org/2001/XMLSchema-instance" xsi:noNamespaceSchemaLocation="https://maven.apache.org/surefire/maven-surefire-plugin/xsd/surefire-test-report.xsd" name="dcc168.jogodavelha.tests.TestFuncionais" time="0.151" tests="53" errors="0" skipped="0" failures="0">
  <properties>
[...]
</properties>
  <testcase name="testGameStateTransitionToVictoryO" classname="dcc168.jogodavelha.tests.TestFuncionais" time="0"/>
  <testcase name="testGameStateTransitionToVictoryX" classname="dcc168.jogodavelha.tests.TestFuncionais" time="0"/>
  <testcase name="testResetGameRestartsState" classname="dcc168.jogodavelha.tests.TestFuncionais" time="0.002"/>
  <testcase name="testStartGameWithoutPlayers" classname="dcc168.jogodavelha.tests.TestFuncionais" time="0"/>
  <testcase name="testBoardCreationIsEmpty" classname="dcc168.jogodavelha.tests.TestFuncionais" time="0"/>
  <testcase name="testNoVictoryPartialRow" classname="dcc168.jogodavelha.tests.TestFuncionais" time="0"/>
  <testcase name="testPlayerInvalidSymbol" classname="dcc168.jogodavelha.tests.TestFuncionais" time="0"/>
  <testcase name="testVictoryXThirdColumn" classname="dcc168.jogodavelha.tests.TestFuncionais" time="0"/>
  <testcase name="testPlayerCreationO" classname="dcc168.jogodavelha.tests.TestFuncionais" time="0"/>
  <testcase name="testPlayerCreationX" classname="dcc168.jogodavelha.tests.TestFuncionais" time="0"/>
  <testcase name="testValidStateEmptyBoard" classname="dcc168.jogodavelha.tests.TestFuncionais" time="0"/>
  <testcase name="testCompleteGameFlowRandomVsRandom" classname="dcc168.jogodavelha.tests.TestFuncionais" time="0.006"/>
  <testcase name="testCellInvalidSymbol" classname="dcc168.jogodavelha.tests.TestFuncionais" time="0"/>
  <testcase name="testBoundaryConditionBoardEdges" classname="dcc168.jogodavelha.tests.TestFuncionais" time="0"/>
  <testcase name="testCellValidSymbolO" classname="dcc168.jogodavelha.tests.TestFuncionais" time="0"/>
  <testcase name="testCellValidSymbolX" classname="dcc168.jogodavelha.tests.TestFuncionais" time="0"/>
  <testcase name="testGetCurrentPlayerReturnsCorrectPlayer" classname="dcc168.jogodavelha.tests.TestFuncionais" time="0"/>
  <testcase name="testRandomAINoAvailableMoves" classname="dcc168.jogodavelha.tests.TestFuncionais" time="0"/>
  <testcase name="testStartGameWithTwoPlayers" classname="dcc168.jogodavelha.tests.TestFuncionais" time="0"/>
  <testcase name="testGetBoardReturnsValidBoard" classname="dcc168.jogodavelha.tests.TestFuncionais" time="0"/>
  <testcase name="testAddThreePlayers" classname="dcc168.jogodavelha.tests.TestFuncionais" time="0"/>
  <testcase name="testVictoryXFirstRow" classname="dcc168.jogodavelha.tests.TestFuncionais" time="0"/>
  <testcase name="testGameStateValues" classname="dcc168.jogodavelha.tests.TestFuncionais" time="0"/>
  <testcase name="testBoardNotFullInitial" classname="dcc168.jogodavelha.tests.TestFuncionais" time="0"/>
  <testcase name="testBoundaryConditionBoardCorners" classname="dcc168.jogodavelha.tests.TestFuncionais" time="0"/>
  <testcase name="testDrawDetection" classname="dcc168.jogodavelha.tests.TestFuncionais" time="0"/>
  <testcase name="testBoardNotFullWithEightMarks" classname="dcc168.jogodavelha.tests.TestFuncionais" time="0"/>
  <testcase name="testBoardMarkOccupiedPosition" classname="dcc168.jogodavelha.tests.TestFuncionais" time="0"/>
  <testcase name="testPlayerSymbolComparison" classname="dcc168.jogodavelha.tests.TestFuncionais" time="0"/>
  <testcase name="testGetCurrentPlayerIndexInitiallyZero" classname="dcc168.jogodavelha.tests.TestFuncionais" time="0"/>
  <testcase name="testBoardInvalidCoordinatesOverflow" classname="dcc168.jogodavelha.tests.TestFuncionais" time="0"/>
  <testcase name="testVictoryOSecondRow" classname="dcc168.jogodavelha.tests.TestFuncionais" time="0"/>
  <testcase name="testMinimaxAIMakesValidMove" classname="dcc168.jogodavelha.tests.TestFuncionais" time="0.106"/>
  <testcase name="testVictoryAntiDiagonalO" classname="dcc168.jogodavelha.tests.TestFuncionais" time="0.001"/>
  <testcase name="testCompleteGameFlowMinimaxVsRandom" classname="dcc168.jogodavelha.tests.TestFuncionais" time="0.001"/>
  <testcase name="testBoundaryConditionBoardCenter" classname="dcc168.jogodavelha.tests.TestFuncionais" time="0"/>
  <testcase name="testNoVictoryMixedSymbols" classname="dcc168.jogodavelha.tests.TestFuncionais" time="0"/>
  <testcase name="testBoardInvalidCoordinatesNegative" classname="dcc168.jogodavelha.tests.TestFuncionais" time="0"/>
  <testcase name="testBoardFullAfterNineMarks" classname="dcc168.jogodavelha.tests.TestFuncionais" time="0"/>
  <testcase name="testValidStateWithMarks" classname="dcc168.jogodavelha.tests.TestFuncionais" time="0"/>
  <testcase name="testRandomAIMakeValidMove" classname="dcc168.jogodavelha.tests.TestFuncionais" time="0"/>
  <testcase name="testVictoryOSecondColumn" classname="dcc168.jogodavelha.tests.TestFuncionais" time="0.001"/>
  <testcase name="testNoVictoryEmptyBoard" classname="dcc168.jogodavelha.tests.TestFuncionais" time="0.001"/>
  <testcase name="testVictoryMainDiagonalX" classname="dcc168.jogodavelha.tests.TestFuncionais" time="0.001"/>
  <testcase name="testCellEmptySymbol" classname="dcc168.jogodavelha.tests.TestFuncionais" time="0.002"/>
  <testcase name="testNoDraw" classname="dcc168.jogodavelha.tests.TestFuncionais" time="0"/>
  <testcase name="testAddTwoPlayers" classname="dcc168.jogodavelha.tests.TestFuncionais" time="0"/>
  <testcase name="testVictoryXThirdRow" classname="dcc168.jogodavelha.tests.TestFuncionais" time="0"/>
  <testcase name="testVictoryXFirstColumn" classname="dcc168.jogodavelha.tests.TestFuncionais" time="0"/>
  <testcase name="testMinimaxAIBlocksOpponentVictory" classname="dcc168.jogodavelha.tests.TestFuncionais" time="0.009"/>
  <testcase name="testBoardMarkPositionO" classname="dcc168.jogodavelha.tests.TestFuncionais" time="0"/>
  <testcase name="testBoardMarkPositionX" classname="dcc168.jogodavelha.tests.TestFuncionais" time="0"/>
  <testcase name="testGameStateTransitionToDraw" classname="dcc168.jogodavelha.tests.TestFuncionais" time="0.001"/>
</testsuite>