<?xml version="1.0" encoding="UTF-8"?>
<testsuite xmlns:xsi="http://www.w3.org/2001/XMLSchema-instance" xsi:noNamespaceSchemaLocation="https://maven.apache.org/surefire/maven-surefire-plugin/xsd/surefire-test-report.xsd" name="dcc168.jogodavelha.tests.TestEstruturais" time="0.27" tests="45" errors="0" skipped="0" failures="0">
  <properties>
[...]
</properties>
  <testcase name="testGameStateFromCodeAguardandoJogada" classname="dcc168.jogodavelha.tests.TestEstruturais" time="0.015"/>
  <testcase name="testCellClear" classname="dcc168.jogodavelha.tests.TestEstruturais" time="0"/>
  <testcase name="testBoardMarkPositionMultiple" classname="dcc168.jogodavelha.tests.TestEstruturais" time="0"/>
  <testcase name="testValidatorCheckDrawCondition" classname="dcc168.jogodavelha.tests.TestEstruturais" time="0"/>
  <testcase name="testBoardIsFullFalseWithThreeMarks" classname="dcc168.jogodavelha.tests.TestEstruturais" time="0"/>
  <testcase name="testGameControllerAddPlayerAndGetList" classname="dcc168.jogodavelha.tests.TestEstruturais" time="0.002"/>
  <testcase name="testGameControllerGetCurrentPlayerIndex" classname="dcc168.jogodavelha.tests.TestEstruturais" time="0.005"/>
  <testcase name="testCellIsEmptyFalse" classname="dcc168.jogodavelha.tests.TestEstruturais" time="0"/>
  <testcase name="testGameControllerGetBoard" classname="dcc168.jogodavelha.tests.TestEstruturais" time="0"/>
  <testcase name="testBoardGetCells" classname="dcc168.jogodavelha.tests.TestEstruturais" time="0.002"/>
  <testcase name="testGameControllerSetCurrentState" classname="dcc168.jogodavelha.tests.TestEstruturais" time="0"/>
  <testcase name="testConsoleViewDisplayGameState" classname="dcc168.jogodavelha.tests.TestEstruturais" time="0.001"/>
  <testcase name="testPlayerGetSymbol" classname="dcc168.jogodavelha.tests.TestEstruturais" time="0"/>
  <testcase name="testValidatorIsValidStateTrueEmpty" classname="dcc168.jogodavelha.tests.TestEstruturais" time="0"/>
  <testcase name="testGameControllerStartGameSetsState" classname="dcc168.jogodavelha.tests.TestEstruturais" time="0"/>
  <testcase name="testBoardToString" classname="dcc168.jogodavelha.tests.TestEstruturais" time="0"/>
  <testcase name="testValidatorCheckAntiDiagonal" classname="dcc168.jogodavelha.tests.TestEstruturais" time="0.003"/>
  <testcase name="testRandomAIMakeMoveValidCoordinates" classname="dcc168.jogodavelha.tests.TestEstruturais" time="0"/>
  <testcase name="testRandomAIMakeMoveReturnsArray" classname="dcc168.jogodavelha.tests.TestEstruturais" time="0"/>
  <testcase name="testGameControllerIsGameOverTrueAfterState" classname="dcc168.jogodavelha.tests.TestEstruturais" time="0"/>
  <testcase name="testValidatorCheckDrawNoVictory" classname="dcc168.jogodavelha.tests.TestEstruturais" time="0"/>
  <testcase name="testCellIsEmptyTrue" classname="dcc168.jogodavelha.tests.TestEstruturais" time="0.002"/>
  <testcase name="testCellGetSymbolAfterSet" classname="dcc168.jogodavelha.tests.TestEstruturais" time="0"/>
  <testcase name="testValidatorCheckMainDiagonal" classname="dcc168.jogodavelha.tests.TestEstruturais" time="0.002"/>
  <testcase name="testPlayerGetName" classname="dcc168.jogodavelha.tests.TestEstruturais" time="0"/>
  <testcase name="testGameStateFromCodeVitoriaO" classname="dcc168.jogodavelha.tests.TestEstruturais" time="0"/>
  <testcase name="testGameStateFromCodeVitoriaX" classname="dcc168.jogodavelha.tests.TestEstruturais" time="0"/>
  <testcase name="testConsoleViewDisplayMessage" classname="dcc168.jogodavelha.tests.TestEstruturais" time="0.003"/>
  <testcase name="testValidatorCheckVictoryAllColumns" classname="dcc168.jogodavelha.tests.TestEstruturais" time="0.006"/>
  <testcase name="testPlayerIsMySymbolTrue" classname="dcc168.jogodavelha.tests.TestEstruturais" time="0.001"/>
  <testcase name="testPlayerIsMySymbolFalse" classname="dcc168.jogodavelha.tests.TestEstruturais" time="0.002"/>
  <testcase name="testCellToString" classname="dcc168.jogodavelha.tests.TestEstruturais" time="0"/>
  <testcase name="testGameControllerIsGameOverFalseInitial" classname="dcc168.jogodavelha.tests.TestEstruturais" time="0"/>
  <testcase name="testMinimaxAIMakeMoveReturnsValidPosition" classname="dcc168.jogodavelha.tests.TestEstruturais" time="0.086"/>
  <testcase name="testRandomAIGetName" classname="dcc168.jogodavelha.tests.TestEstruturais" time="0"/>
  <testcase name="testBoardGetCell" classname="dcc168.jogodavelha.tests.TestEstruturais" time="0.001"/>
  <testcase name="testBoardGetSize" classname="dcc168.jogodavelha.tests.TestEstruturais" time="0.001"/>
  <testcase name="testMinimaxAIGetName" classname="dcc168.jogodavelha.tests.TestEstruturais" time="0"/>
  <testcase name="testValidatorCheckVictoryAllRows" classname="dcc168.jogodavelha.tests.TestEstruturais" time="0"/>
  <testcase name="testBoardPositionAvailableAfterClear" classname="dcc168.jogodavelha.tests.TestEstruturais" time="0"/>
  <testcase name="testBoardResetClearsBoardCompletely" classname="dcc168.jogodavelha.tests.TestEstruturais" time="0"/>
  <testcase name="testGameStateFromCodeEmpate" classname="dcc168.jogodavelha.tests.TestEstruturais" time="0.001"/>
  <testcase name="testConsoleViewDisplayBoard" classname="dcc168.jogodavelha.tests.TestEstruturais" time="0.003"/>
  <testcase name="testGameControllerGetCurrentState" classname="dcc168.jogodavelha.tests.TestEstruturais" time="0"/>
  <testcase name="testValidatorIsValidStateWithVictory" classname="dcc168.jogodavelha.tests.TestEstruturais" time="0"/>
</testsuite>