<?xml version="1.0" encoding="UTF-8"?>
<testsuite xmlns:xsi="http://www.w3.org/2001/XMLSchema-instance" xsi:noNamespaceSchemaLocation="https://maven.apache.org/surefire/maven-surefire-plugin/xsd/surefire-test-report.xsd" name="dcc168.jogodavelha.tests.TestMutacao" time="0.023" tests="38" errors="0" skipped="0" failures="0">
  <properties>
[...]
</properties>
  <testcase name="testGameControllerPlayerAlternation" classname="dcc168.jogodavelha.tests.TestMutacao" time="0.006"/>
  <testcase name="testCellSymbolEqualityO" classname="dcc168.jogodavelha.tests.TestMutacao" time="0"/>
  <testcase name="testCellSymbolEqualityX" classname="dcc168.jogodavelha.tests.TestMutacao" time="0"/>
  <testcase name="testVictoryRowIndexZero" classname="dcc168.jogodavelha.tests.TestMutacao" time="0"/>
  <testcase name="testCellSymbolEqualityEmpty" classname="dcc168.jogodavelha.tests.TestMutacao" time="0"/>
  <testcase name="testVictoryRowIndexOne" classname="dcc168.jogodavelha.tests.TestMutacao" time="0"/>
  <testcase name="testVictoryRowIndexTwo" classname="dcc168.jogodavelha.tests.TestMutacao" time="0"/>
  <testcase name="testBoardSizeIs3" classname="dcc168.jogodavelha.tests.TestMutacao" time="0"/>
  <testcase name="testBoardAllPositionsCountedWhenFull" classname="dcc168.jogodavelha.tests.TestMutacao" time="0"/>
  <testcase name="testVictoryCheckLoopsAllRows" classname="dcc168.jogodavelha.tests.TestMutacao" time="0"/>
  <testcase name="testVictoryColumnIndexOne" classname="dcc168.jogodavelha.tests.TestMutacao" time="0"/>
  <testcase name="testVictoryColumnIndexTwo" classname="dcc168.jogodavelha.tests.TestMutacao" time="0"/>
  <testcase name="testVictoryColumnIndexZero" classname="dcc168.jogodavelha.tests.TestMutacao" time="0"/>
  <testcase name="testBoardInvalidCoordinateOverflowCol" classname="dcc168.jogodavelha.tests.TestMutacao" time="0"/>
  <testcase name="testBoardInvalidCoordinateOverflowRow" classname="dcc168.jogodavelha.tests.TestMutacao" time="0"/>
  <testcase name="testGameControllerGameOverCheck" classname="dcc168.jogodavelha.tests.TestMutacao" time="0"/>
  <testcase name="testBoardValidCoordinateBoundaryLowerX" classname="dcc168.jogodavelha.tests.TestMutacao" time="0"/>
  <testcase name="testValidatorDrawReturnsFalseWhenVictory" classname="dcc168.jogodavelha.tests.TestMutacao" time="0.002"/>
  <testcase name="testValidatorStateValidityDoesNotAllowDoubleVictory" classname="dcc168.jogodavelha.tests.TestMutacao" time="0"/>
  <testcase name="testBoardValidCoordinateBoundaryUpperX" classname="dcc168.jogodavelha.tests.TestMutacao" time="0"/>
  <testcase name="testValidatorDrawReturnsTrueOnlyWhenBoardFullAndNoVictory" classname="dcc168.jogodavelha.tests.TestMutacao" time="0"/>
  <testcase name="testBoardAllPositionsAreSize3" classname="dcc168.jogodavelha.tests.TestMutacao" time="0"/>
  <testcase name="testVictoryDiagonalAntiExactPositions" classname="dcc168.jogodavelha.tests.TestMutacao" time="0"/>
  <testcase name="testBoardLoopsAllCells" classname="dcc168.jogodavelha.tests.TestMutacao" time="0"/>
  <testcase name="testValidatorStateValidityWhenEmpty" classname="dcc168.jogodavelha.tests.TestMutacao" time="0.004"/>
  <testcase name="testBoardIsEmptyNotFilledInitially" classname="dcc168.jogodavelha.tests.TestMutacao" time="0"/>
  <testcase name="testRandomAIAvailableMovesCountCorrect" classname="dcc168.jogodavelha.tests.TestMutacao" time="0"/>
  <testcase name="testGameControllerGetWinnerO" classname="dcc168.jogodavelha.tests.TestMutacao" time="0"/>
  <testcase name="testGameControllerGetWinnerX" classname="dcc168.jogodavelha.tests.TestMutacao" time="0"/>
  <testcase name="testCellInvalidSymbolRejectsAll" classname="dcc168.jogodavelha.tests.TestMutacao" time="0"/>
  <testcase name="testGameStateCodesAreCorrect" classname="dcc168.jogodavelha.tests.TestMutacao" time="0.002"/>
  <testcase name="testVictoryCheckLoopsAllColumns" classname="dcc168.jogodavelha.tests.TestMutacao" time="0.003"/>
  <testcase name="testBoardInvalidCoordinateNegativeCol" classname="dcc168.jogodavelha.tests.TestMutacao" time="0"/>
  <testcase name="testBoardInvalidCoordinateNegativeRow" classname="dcc168.jogodavelha.tests.TestMutacao" time="0"/>
  <testcase name="testVictoryDiagonalMainExactPositions" classname="dcc168.jogodavelha.tests.TestMutacao" time="0"/>
  <testcase name="testPlayerSymbolValidationAnd" classname="dcc168.jogodavelha.tests.TestMutacao" time="0"/>
  <testcase name="testGameControllerGetWinnerNull" classname="dcc168.jogodavelha.tests.TestMutacao" time="0"/>
  <testcase name="testMinimaxScoresAreDifferent" classname="dcc168.jogodavelha.tests.TestMutacao" time="0"/>
</testsuite>